[INFO] Scanning for projects...
[INFO] 
[INFO] ----------------------< com.example:packinglist >-----------------------
[INFO] Building packinglist 0.0.1-SNAPSHOT
[INFO]   from pom.xml
[INFO] --------------------------------[ jar ]---------------------------------
[INFO] 
[INFO] >>> spring-boot:3.5.4:run (default-cli) > test-compile @ packinglist >>>
[INFO] 
[INFO] --- resources:3.3.1:resources (default-resources) @ packinglist ---
[INFO] Copying 1 resource from src/main/resources to target/classes
[INFO] Copying 1 resource from src/main/resources to target/classes
[INFO] 
[INFO] --- compiler:3.14.0:compile (default-compile) @ packinglist ---
[INFO] Nothing to compile - all classes are up to date.
[INFO] 
[INFO] --- resources:3.3.1:testResources (default-testResources) @ packinglist ---
[INFO] skip non existing resourceDirectory /workspace/src/test/resources
[INFO] 
[INFO] --- compiler:3.14.0:testCompile (default-testCompile) @ packinglist ---
[INFO] Nothing to compile - all classes are up to date.
[INFO] 
[INFO] <<< spring-boot:3.5.4:run (default-cli) < test-compile @ packinglist <<<
[INFO] 
[INFO] 
[INFO] --- spring-boot:3.5.4:run (default-cli) @ packinglist ---
[INFO] Attaching agents: []
Standard Commons Logging discovery in action with spring-jcl: please remove commons-logging.jar from classpath in order to avoid potential conflicts

  .   ____          _            __ _ _
 /\\ / ___'_ __ _ _(_)_ __  __ _ \ \ \ \
( ( )\___ | '_ | '_| | '_ \/ _` | \ \ \ \
 \\/  ___)| |_)| | | | | || (_| |  ) ) ) )
  '  |____| .__|_| |_|_| |_\__, | / / / /
 =========|_|==============|___/=/_/_/_/

 :: Spring Boot ::                (v3.5.4)

2025-07-30T05:34:13.815Z  INFO 4178 --- [packinglist] [           main] c.e.packinglist.PackinglistApplication   : Starting PackinglistApplication using Java 21.0.7 with PID 4178 (/workspace/target/classes started by ubuntu in /workspace)
2025-07-30T05:34:13.816Z  INFO 4178 --- [packinglist] [           main] c.e.packinglist.PackinglistApplication   : No active profile set, falling back to 1 default profile: "default"
2025-07-30T05:34:14.227Z  INFO 4178 --- [packinglist] [           main] o.s.b.w.embedded.tomcat.TomcatWebServer  : Tomcat initialized with port 8080 (http)
2025-07-30T05:34:14.236Z  INFO 4178 --- [packinglist] [           main] o.apache.catalina.core.StandardService   : Starting service [Tomcat]
2025-07-30T05:34:14.236Z  INFO 4178 --- [packinglist] [           main] o.apache.catalina.core.StandardEngine    : Starting Servlet engine: [Apache Tomcat/10.1.43]
2025-07-30T05:34:14.261Z  INFO 4178 --- [packinglist] [           main] o.a.c.c.C.[Tomcat].[localhost].[/]       : Initializing Spring embedded WebApplicationContext
2025-07-30T05:34:14.261Z  INFO 4178 --- [packinglist] [           main] w.s.c.ServletWebServerApplicationContext : Root WebApplicationContext: initialization completed in 422 ms
Standard Commons Logging discovery in action with spring-jcl: please remove commons-logging.jar from classpath in order to avoid potential conflicts
2025-07-30T05:34:14.453Z  INFO 4178 --- [packinglist] [           main] o.s.b.w.embedded.tomcat.TomcatWebServer  : Tomcat started on port 8080 (http) with context path '/'
2025-07-30T05:34:14.456Z  INFO 4178 --- [packinglist] [           main] c.e.packinglist.PackinglistApplication   : Started PackinglistApplication in 0.853 seconds (process running for 1.008)
