[INFO] Scanning for projects...
[INFO] 
[INFO] ----------------------< com.example:packinglist >-----------------------
[INFO] Building packinglist 0.0.1-SNAPSHOT
[INFO]   from pom.xml
[INFO] --------------------------------[ jar ]---------------------------------
[INFO] 
[INFO] >>> spring-boot:3.5.4:run (default-cli) > test-compile @ packinglist >>>
[INFO] 
[INFO] --- resources:3.3.1:resources (default-resources) @ packinglist ---
[INFO] Copying 1 resource from src/main/resources to target/classes
[INFO] Copying 1 resource from src/main/resources to target/classes
[INFO] 
[INFO] --- compiler:3.14.0:compile (default-compile) @ packinglist ---
[INFO] Nothing to compile - all classes are up to date.
[INFO] 
[INFO] --- resources:3.3.1:testResources (default-testResources) @ packinglist ---
[INFO] skip non existing resourceDirectory /workspace/src/test/resources
[INFO] 
[INFO] --- compiler:3.14.0:testCompile (default-testCompile) @ packinglist ---
[INFO] Nothing to compile - all classes are up to date.
[INFO] 
[INFO] <<< spring-boot:3.5.4:run (default-cli) < test-compile @ packinglist <<<
[INFO] 
[INFO] 
[INFO] --- spring-boot:3.5.4:run (default-cli) @ packinglist ---
[INFO] Attaching agents: []
Standard Commons Logging discovery in action with spring-jcl: please remove commons-logging.jar from classpath in order to avoid potential conflicts

  .   ____          _            __ _ _
 /\\ / ___'_ __ _ _(_)_ __  __ _ \ \ \ \
( ( )\___ | '_ | '_| | '_ \/ _` | \ \ \ \
 \\/  ___)| |_)| | | | | || (_| |  ) ) ) )
  '  |____| .__|_| |_|_| |_\__, | / / / /
 =========|_|==============|___/=/_/_/_/

 :: Spring Boot ::                (v3.5.4)

2025-07-30T06:45:48.923Z  INFO 3314 --- [packinglist] [           main] c.e.packinglist.PackinglistApplication   : Starting PackinglistApplication using Java 21.0.7 with PID 3314 (/workspace/target/classes started by ubuntu in /workspace)
2025-07-30T06:45:48.924Z  INFO 3314 --- [packinglist] [           main] c.e.packinglist.PackinglistApplication   : No active profile set, falling back to 1 default profile: "default"
2025-07-30T06:45:49.357Z  INFO 3314 --- [packinglist] [           main] o.s.b.w.embedded.tomcat.TomcatWebServer  : Tomcat initialized with port 8080 (http)
2025-07-30T06:45:49.366Z  INFO 3314 --- [packinglist] [           main] o.apache.catalina.core.StandardService   : Starting service [Tomcat]
2025-07-30T06:45:49.366Z  INFO 3314 --- [packinglist] [           main] o.apache.catalina.core.StandardEngine    : Starting Servlet engine: [Apache Tomcat/10.1.43]
2025-07-30T06:45:49.388Z  INFO 3314 --- [packinglist] [           main] o.a.c.c.C.[Tomcat].[localhost].[/]       : Initializing Spring embedded WebApplicationContext
2025-07-30T06:45:49.389Z  INFO 3314 --- [packinglist] [           main] w.s.c.ServletWebServerApplicationContext : Root WebApplicationContext: initialization completed in 443 ms
Standard Commons Logging discovery in action with spring-jcl: please remove commons-logging.jar from classpath in order to avoid potential conflicts
2025-07-30T06:45:49.568Z  INFO 3314 --- [packinglist] [           main] o.s.b.w.embedded.tomcat.TomcatWebServer  : Tomcat started on port 8080 (http) with context path '/'
2025-07-30T06:45:49.572Z  INFO 3314 --- [packinglist] [           main] c.e.packinglist.PackinglistApplication   : Started PackinglistApplication in 0.855 seconds (process running for 1.002)
2025-07-30T06:47:50.955Z  INFO 3314 --- [packinglist] [ionShutdownHook] o.s.b.w.e.tomcat.GracefulShutdown        : Commencing graceful shutdown. Waiting for active requests to complete
2025-07-30T06:47:50.960Z  INFO 3314 --- [packinglist] [tomcat-shutdown] o.s.b.w.e.tomcat.GracefulShutdown        : Graceful shutdown complete
